<?xml version="1.0" encoding="UTF-8"?>
<!-- Generated by org.testng.reporters.JUnitXMLReporter -->
<testsuite hostname="Saran" ignored="0" name="Test" tests="1" failures="1" timestamp="11 Oct 2021 04:32:07 GMT" time="28.17" errors="0">
  <testcase name="loginTest" time="27.184" classname="sampleTest1.SampleTest1">
    <failure type="java.lang.ArithmeticException" message="/ by zero">
      <![CDATA[java.lang.ArithmeticException: / by zero
	at sampleTest1.SampleTest1.loginTest(SampleTest1.java:26)
... Removed 28 stack frames]]>
    </failure>
  </testcase> <!-- loginTest -->
</testsuite> <!-- Test -->
